<?xml version="1.0" encoding="UTF-8"?>
<!-- Generated by org.testng.reporters.JUnitXMLReporter -->
<testsuite ignored="0" hostname="DESKTOP-JHCPOK9" failures="10" tests="23" name="testemployeeAPIs" time="22.62" errors="0" timestamp="2021-04-04T21:53:03 IST">
  <testcase classname="com.test.scripts.GetAllEmployees" name="checkContentEncoding" time="0.01"/>
  <testcase classname="com.test.scripts.GetAllEmployees" name="checkContentLength" time="0.002"/>
  <testcase classname="com.test.scripts.GetAllEmployees" name="checkContentType" time="0.001"/>
  <testcase classname="com.test.scripts.GetAllEmployees" name="checkResponseBody" time="0.031"/>
  <testcase classname="com.test.scripts.GetAllEmployees" name="checkResponseTime" time="0.005"/>
  <testcase classname="com.test.scripts.GetAllEmployees" name="checkServerType" time="0.006"/>
  <testcase classname="com.test.scripts.GetAllEmployees" name="checkStatusCode" time="0.005"/>
  <testcase classname="com.test.scripts.GetAllEmployees" name="checkStatusLine" time="0.002"/>
  <testcase classname="com.test.scripts.GetAllEmployees" name="verifyCookies" time="0.004"/>
  <testcase classname="com.test.scripts.GetSingleEmployeeData" name="checkContentType" time="0.002">
    <failure type="java.lang.AssertionError" message="expected [application/json] but found [text/html; charset=UTF-8]">
      <![CDATA[java.lang.AssertionError: expected [application/json] but found [text/html; charset=UTF-8]
at com.test.scripts.GetSingleEmployeeData.checkContentType(GetSingleEmployeeData.java:66)
at java.base/java.util.ArrayList.forEach(ArrayList.java:1511)
... Removed 33 stack frames]]>
    </failure>
  </testcase> <!-- checkContentType -->
  <testcase classname="com.test.scripts.GetSingleEmployeeData" name="checkResponseBody" time="0.011">
    <failure type="java.lang.AssertionError" message="expected [true] but found [false]">
      <![CDATA[java.lang.AssertionError: expected [true] but found [false]
at com.test.scripts.GetSingleEmployeeData.checkResponseBody(GetSingleEmployeeData.java:33)
at java.base/java.util.ArrayList.forEach(ArrayList.java:1511)
... Removed 33 stack frames]]>
    </failure>
  </testcase> <!-- checkResponseBody -->
  <testcase classname="com.test.scripts.GetSingleEmployeeData" name="checkServerType" time="0.003"/>
  <testcase classname="com.test.scripts.GetSingleEmployeeData" name="checkStatusCode" time="0.002">
    <failure type="java.lang.AssertionError" message="expected [200] but found [429]">
      <![CDATA[java.lang.AssertionError: expected [200] but found [429]
at com.test.scripts.GetSingleEmployeeData.checkStatusCode(GetSingleEmployeeData.java:43)
at java.base/java.util.ArrayList.forEach(ArrayList.java:1511)
... Removed 33 stack frames]]>
    </failure>
  </testcase> <!-- checkStatusCode -->
  <testcase classname="com.test.scripts.GetSingleEmployeeData" name="checkStatusLine" time="0.004">
    <failure type="java.lang.AssertionError" message="expected [HTTP/1.1 200 OK] but found [HTTP/1.1 429 Too Many Requests]">
      <![CDATA[java.lang.AssertionError: expected [HTTP/1.1 200 OK] but found [HTTP/1.1 429 Too Many Requests]
at com.test.scripts.GetSingleEmployeeData.checkStatusLine(GetSingleEmployeeData.java:54)
at java.base/java.util.ArrayList.forEach(ArrayList.java:1511)
... Removed 33 stack frames]]>
    </failure>
  </testcase> <!-- checkStatusLine -->
  <testcase classname="com.test.scripts.PostCreateNewUser" name="checkResponseBody" time="0.003">
    <failure type="java.lang.AssertionError" message="expected [true] but found [false]">
      <![CDATA[java.lang.AssertionError: expected [true] but found [false]
at com.test.scripts.PostCreateNewUser.checkResponseBody(PostCreateNewUser.java:50)
at java.base/java.util.ArrayList.forEach(ArrayList.java:1511)
... Removed 33 stack frames]]>
    </failure>
  </testcase> <!-- checkResponseBody -->
  <testcase classname="com.test.scripts.PostCreateNewUser" name="checkStatusCode" time="0.003">
    <failure type="java.lang.AssertionError" message="expected [200] but found [429]">
      <![CDATA[java.lang.AssertionError: expected [200] but found [429]
at com.test.scripts.PostCreateNewUser.checkStatusCode(PostCreateNewUser.java:60)
at java.base/java.util.ArrayList.forEach(ArrayList.java:1511)
... Removed 33 stack frames]]>
    </failure>
  </testcase> <!-- checkStatusCode -->
  <testcase classname="com.test.scripts.PostCreateNewUser" name="checkStatusLine" time="0.001">
    <failure type="java.lang.AssertionError" message="expected [HTTP/1.1 200 OK] but found [HTTP/1.1 429 Too Many Requests]">
      <![CDATA[java.lang.AssertionError: expected [HTTP/1.1 200 OK] but found [HTTP/1.1 429 Too Many Requests]
at com.test.scripts.PostCreateNewUser.checkStatusLine(PostCreateNewUser.java:71)
at java.base/java.util.ArrayList.forEach(ArrayList.java:1511)
... Removed 33 stack frames]]>
    </failure>
  </testcase> <!-- checkStatusLine -->
  <testcase classname="com.test.scripts.PutUpdateExisitingUser" name="checkResponseBody" time="0.002">
    <failure type="java.lang.AssertionError" message="expected [true] but found [false]">
      <![CDATA[java.lang.AssertionError: expected [true] but found [false]
at com.test.scripts.PutUpdateExisitingUser.checkResponseBody(PutUpdateExisitingUser.java:48)
at java.base/java.util.ArrayList.forEach(ArrayList.java:1511)
... Removed 33 stack frames]]>
    </failure>
  </testcase> <!-- checkResponseBody -->
  <testcase classname="com.test.scripts.PutUpdateExisitingUser" name="checkStatusCode" time="0.001">
    <failure type="java.lang.AssertionError" message="expected [200] but found [429]">
      <![CDATA[java.lang.AssertionError: expected [200] but found [429]
at com.test.scripts.PutUpdateExisitingUser.checkStatusCode(PutUpdateExisitingUser.java:59)
at java.base/java.util.ArrayList.forEach(ArrayList.java:1511)
... Removed 33 stack frames]]>
    </failure>
  </testcase> <!-- checkStatusCode -->
  <testcase classname="com.test.scripts.PutUpdateExisitingUser" name="checkStatusLine" time="0.001">
    <failure type="java.lang.AssertionError" message="expected [HTTP/1.1 200 OK] but found [HTTP/1.1 429 Too Many Requests]">
      <![CDATA[java.lang.AssertionError: expected [HTTP/1.1 200 OK] but found [HTTP/1.1 429 Too Many Requests]
at com.test.scripts.PutUpdateExisitingUser.checkStatusLine(PutUpdateExisitingUser.java:70)
at java.base/java.util.ArrayList.forEach(ArrayList.java:1511)
... Removed 33 stack frames]]>
    </failure>
  </testcase> <!-- checkStatusLine -->
  <testcase classname="com.test.scripts.DeleteEmployee" name="checkResponseBody" time="0.016"/>
  <testcase classname="com.test.scripts.DeleteEmployee" name="checkStatusCode" time="0.007"/>
  <testcase classname="com.test.scripts.DeleteEmployee" name="checkStatusLine" time="0.005"/>
</testsuite> <!-- testemployeeAPIs -->
