<?xml version="1.0" encoding="UTF-8"?>
<!-- Generated by org.testng.reporters.JUnitXMLReporter -->
<testsuite ignored="0" hostname="DESKTOP-JHCPOK9" failures="0" tests="3" name="Default test" time="7.984" errors="0" timestamp="2021-04-04T20:52:33 IST">
  <testcase classname="com.test.scripts.DeleteEmployee" name="checkResponseBody" time="0.041"/>
  <testcase classname="com.test.scripts.DeleteEmployee" name="checkStatusCode" time="0.006"/>
  <testcase classname="com.test.scripts.DeleteEmployee" name="checkStatusLine" time="0.004"/>
</testsuite> <!-- Default test -->
